2020-10-14 18:22:02,303:INFO:PyCaret Regression Module
2020-10-14 18:22:02,303:INFO:version 2.1.2
2020-10-14 18:22:02,303:INFO:Initializing setup()
2020-10-14 18:22:02,303:INFO:USI: 59aa
2020-10-14 18:22:02,303:INFO:setup(data=(1338, 7), target=charges, train_size=0.7, sampling=True, sample_estimator=None, categorical_features=None, categorical_imputation=constant, ordinal_features=None,
                    high_cardinality_features=None, high_cardinality_method=frequency, numeric_features=None, numeric_imputation=mean, date_features=None, ignore_features=None, normalize=False,
                    normalize_method=zscore, transformation=False, transformation_method=yeo-johnson, handle_unknown_categorical=True, unknown_categorical_method=least_frequent, pca=False, pca_method=linear,
                    pca_components=None, ignore_low_variance=False, combine_rare_levels=False, rare_level_threshold=0.1, bin_numeric_features=None, remove_outliers=False, outliers_threshold=0.05,
                    remove_multicollinearity=False, multicollinearity_threshold=0.9, remove_perfect_collinearity=False, create_clusters=False, cluster_iter=20,
                    polynomial_features=False, polynomial_degree=2, trigonometry_features=False, polynomial_threshold=0.1, group_features=None,
                    group_names=None, feature_selection=False, feature_selection_threshold=0.8, feature_interaction=False, feature_ratio=False, interaction_threshold=0.01, transform_target=False,
                    transform_target_method=box-cox, data_split_shuffle=True, folds_shuffle=False, n_jobs=-1, html=True, session_id=123, log_experiment=False,
                    experiment_name=None, log_plots=False, log_profile=False, log_data=False, silent=False, verbose=True, profile=False)
2020-10-14 18:22:02,308:INFO:Checking environment
2020-10-14 18:22:02,308:INFO:python_version: 3.7.5
2020-10-14 18:22:02,308:INFO:python_build: ('tags/v3.7.5:5c02a39a0b', 'Oct 15 2019 00:11:34')
2020-10-14 18:22:02,308:INFO:machine: AMD64
2020-10-14 18:22:02,308:INFO:platform: Windows-10-10.0.18362-SP0
2020-10-14 18:22:02,308:WARNING:cannot find psutil installation. memory not traceable. Install psutil using pip to enable memory logging. 
2020-10-14 18:22:02,308:INFO:Checking libraries
2020-10-14 18:22:02,308:INFO:pd==1.1.0
2020-10-14 18:22:02,308:INFO:numpy==1.19.1
2020-10-14 18:22:03,810:INFO:sklearn==0.23.2
2020-10-14 18:22:04,314:INFO:xgboost==0.90
2020-10-14 18:22:04,424:INFO:lightgbm==3.0.0
2020-10-14 18:22:04,858:INFO:catboost==0.24.2
2020-10-14 18:22:06,144:INFO:mlflow==1.11.0
2020-10-14 18:22:06,144:INFO:Checking Exceptions
2020-10-14 18:22:06,144:INFO:Preloading libraries
2020-10-14 18:22:06,144:INFO:Preparing display monitor
2020-10-14 18:22:06,174:INFO:Importing libraries
2020-10-14 18:22:08,504:INFO:Declaring global variables
2020-10-14 18:22:08,504:INFO:Copying data for preprocessing
2020-10-14 18:22:08,514:INFO:Declaring preprocessing parameters
2020-10-14 18:22:08,514:INFO:Importing preprocessing module
2020-10-14 18:22:09,368:INFO:Creating preprocessing pipeline
2020-10-14 18:23:52,254:INFO:Preprocessing pipeline created successfully
2020-10-14 18:23:52,254:INFO:No inverse transformer found
2020-10-14 18:23:52,254:INFO:Creating grid variables
2020-10-14 18:23:52,264:INFO:Creating global containers
2020-10-14 18:23:52,394:INFO:create_model_container: 0
2020-10-14 18:23:52,394:INFO:master_model_container: 0
2020-10-14 18:23:52,394:INFO:display_container: 0
2020-10-14 18:23:52,394:INFO:setup() succesfully completed......................................
2020-10-14 18:23:52,404:INFO:Initializing create_model()
2020-10-14 18:23:52,404:INFO:create_model(estimator=lr, ensemble=False, method=None, fold=10, round=4, cross_validation=True, verbose=True, system=True)
2020-10-14 18:23:52,404:INFO:Checking exceptions
2020-10-14 18:23:52,404:INFO:Preloading libraries
2020-10-14 18:23:52,404:INFO:Preparing display monitor
2020-10-14 18:23:52,481:INFO:Copying training dataset
2020-10-14 18:23:52,486:INFO:Importing libraries
2020-10-14 18:23:52,487:INFO:Defining folds
2020-10-14 18:23:52,487:INFO:Declaring metric variables
2020-10-14 18:23:52,494:INFO:Linear Regression Imported succesfully
2020-10-14 18:23:52,494:INFO:Checking ensemble method
2020-10-14 18:23:52,504:INFO:Initializing Fold 1
2020-10-14 18:23:52,524:INFO:Fitting Model
2020-10-14 18:23:52,544:INFO:Evaluating Metrics
2020-10-14 18:23:52,544:INFO:No inverse transformation
2020-10-14 18:23:52,544:INFO:Compiling Metrics
2020-10-14 18:23:52,719:INFO:Initializing Fold 2
2020-10-14 18:23:52,739:INFO:Fitting Model
2020-10-14 18:23:52,744:INFO:Evaluating Metrics
2020-10-14 18:23:52,749:INFO:No inverse transformation
2020-10-14 18:23:52,749:INFO:Compiling Metrics
2020-10-14 18:23:52,784:INFO:Initializing Fold 3
2020-10-14 18:23:52,794:INFO:Fitting Model
2020-10-14 18:23:52,809:INFO:Evaluating Metrics
2020-10-14 18:23:52,814:INFO:No inverse transformation
2020-10-14 18:23:52,814:INFO:Compiling Metrics
2020-10-14 18:23:52,859:INFO:Initializing Fold 4
2020-10-14 18:23:52,874:INFO:Fitting Model
2020-10-14 18:23:52,884:INFO:Evaluating Metrics
2020-10-14 18:23:52,887:INFO:No inverse transformation
2020-10-14 18:23:52,887:INFO:Compiling Metrics
2020-10-14 18:23:52,934:INFO:Initializing Fold 5
2020-10-14 18:23:52,949:INFO:Fitting Model
2020-10-14 18:23:52,954:INFO:Evaluating Metrics
2020-10-14 18:23:52,964:INFO:No inverse transformation
2020-10-14 18:23:52,964:INFO:Compiling Metrics
2020-10-14 18:23:53,004:INFO:Initializing Fold 6
2020-10-14 18:23:53,019:INFO:Fitting Model
2020-10-14 18:23:53,024:INFO:Evaluating Metrics
2020-10-14 18:23:53,034:INFO:No inverse transformation
2020-10-14 18:23:53,034:INFO:Compiling Metrics
2020-10-14 18:23:53,079:INFO:Initializing Fold 7
2020-10-14 18:23:53,094:INFO:Fitting Model
2020-10-14 18:23:53,104:INFO:Evaluating Metrics
2020-10-14 18:23:53,114:INFO:No inverse transformation
2020-10-14 18:23:53,114:INFO:Compiling Metrics
2020-10-14 18:23:53,159:INFO:Initializing Fold 8
2020-10-14 18:23:53,169:INFO:Fitting Model
2020-10-14 18:23:53,174:INFO:Evaluating Metrics
2020-10-14 18:23:53,174:INFO:No inverse transformation
2020-10-14 18:23:53,174:INFO:Compiling Metrics
2020-10-14 18:23:53,239:INFO:Initializing Fold 9
2020-10-14 18:23:53,254:INFO:Fitting Model
2020-10-14 18:23:53,259:INFO:Evaluating Metrics
2020-10-14 18:23:53,264:INFO:No inverse transformation
2020-10-14 18:23:53,264:INFO:Compiling Metrics
2020-10-14 18:23:53,338:INFO:Initializing Fold 10
2020-10-14 18:23:53,350:INFO:Fitting Model
2020-10-14 18:23:53,360:INFO:Evaluating Metrics
2020-10-14 18:23:53,364:INFO:No inverse transformation
2020-10-14 18:23:53,364:INFO:Compiling Metrics
2020-10-14 18:23:53,441:INFO:Calculating mean and std
2020-10-14 18:23:53,444:INFO:Creating metrics dataframe
2020-10-14 18:23:53,479:INFO:Finalizing model
2020-10-14 18:23:53,491:INFO:Uploading results into container
2020-10-14 18:23:53,491:INFO:Uploading model into container
2020-10-14 18:23:53,544:INFO:create_model_container: 1
2020-10-14 18:23:53,544:INFO:master_model_container: 1
2020-10-14 18:23:53,544:INFO:display_container: 1
2020-10-14 18:23:53,544:INFO:LinearRegression(copy_X=True, fit_intercept=True, n_jobs=-1, normalize=False)
2020-10-14 18:23:53,544:INFO:create_model() succesfully completed......................................
2020-10-14 18:23:53,554:INFO:Initializing plot_model()
2020-10-14 18:23:53,554:INFO:plot_model(estimator=LinearRegression(copy_X=True, fit_intercept=True, n_jobs=-1, normalize=False), plot=residuals, save=False, verbose=True, system=True)
2020-10-14 18:23:53,554:INFO:Checking exceptions
2020-10-14 18:23:53,554:INFO:Preloading libraries
2020-10-14 18:23:53,554:INFO:Preparing display monitor
2020-10-14 18:23:53,574:INFO:Importing libraries
2020-10-14 18:23:53,589:INFO:plot type: residuals
2020-10-14 18:23:54,284:INFO:Fitting Model
2020-10-14 18:23:54,374:INFO:Scoring test/hold-out set
2020-10-14 18:23:55,704:INFO:Visual Rendered Successfully
2020-10-14 18:23:55,704:INFO:plot_model() succesfully completed......................................
2020-10-14 18:23:55,729:INFO:PyCaret Regression Module
2020-10-14 18:23:55,729:INFO:version 2.1.2
2020-10-14 18:23:55,729:INFO:Initializing setup()
2020-10-14 18:23:55,729:INFO:USI: a5d7
2020-10-14 18:23:55,729:INFO:setup(data=(1338, 7), target=charges, train_size=0.7, sampling=True, sample_estimator=None, categorical_features=None, categorical_imputation=constant, ordinal_features=None,
                    high_cardinality_features=None, high_cardinality_method=frequency, numeric_features=None, numeric_imputation=mean, date_features=None, ignore_features=None, normalize=True,
                    normalize_method=zscore, transformation=False, transformation_method=yeo-johnson, handle_unknown_categorical=True, unknown_categorical_method=least_frequent, pca=False, pca_method=linear,
                    pca_components=None, ignore_low_variance=False, combine_rare_levels=False, rare_level_threshold=0.1, bin_numeric_features=['age', 'bmi'], remove_outliers=False, outliers_threshold=0.05,
                    remove_multicollinearity=False, multicollinearity_threshold=0.9, remove_perfect_collinearity=False, create_clusters=False, cluster_iter=20,
                    polynomial_features=True, polynomial_degree=2, trigonometry_features=True, polynomial_threshold=0.1, group_features=None,
                    group_names=None, feature_selection=False, feature_selection_threshold=0.8, feature_interaction=True, feature_ratio=False, interaction_threshold=0.01, transform_target=False,
                    transform_target_method=box-cox, data_split_shuffle=True, folds_shuffle=False, n_jobs=-1, html=True, session_id=123, log_experiment=False,
                    experiment_name=None, log_plots=False, log_profile=False, log_data=False, silent=False, verbose=True, profile=False)
2020-10-14 18:23:55,729:INFO:Checking environment
2020-10-14 18:23:55,729:INFO:python_version: 3.7.5
2020-10-14 18:23:55,729:INFO:python_build: ('tags/v3.7.5:5c02a39a0b', 'Oct 15 2019 00:11:34')
2020-10-14 18:23:55,729:INFO:machine: AMD64
2020-10-14 18:23:55,729:INFO:platform: Windows-10-10.0.18362-SP0
2020-10-14 18:23:55,734:WARNING:cannot find psutil installation. memory not traceable. Install psutil using pip to enable memory logging. 
2020-10-14 18:23:55,734:INFO:Checking libraries
2020-10-14 18:23:55,734:INFO:pd==1.1.0
2020-10-14 18:23:55,734:INFO:numpy==1.19.1
2020-10-14 18:23:55,734:INFO:sklearn==0.23.2
2020-10-14 18:23:55,734:INFO:xgboost==0.90
2020-10-14 18:23:55,734:INFO:lightgbm==3.0.0
2020-10-14 18:23:55,734:INFO:catboost==0.24.2
2020-10-14 18:23:55,734:INFO:mlflow==1.11.0
2020-10-14 18:23:55,734:INFO:Checking Exceptions
2020-10-14 18:23:55,734:INFO:Preloading libraries
2020-10-14 18:23:55,734:INFO:Preparing display monitor
2020-10-14 18:23:55,769:INFO:Importing libraries
2020-10-14 18:23:55,794:INFO:Declaring global variables
2020-10-14 18:23:55,794:INFO:Copying data for preprocessing
2020-10-14 18:23:55,804:INFO:Declaring preprocessing parameters
2020-10-14 18:23:55,804:INFO:Importing preprocessing module
2020-10-14 18:23:55,804:INFO:Creating preprocessing pipeline
2020-10-14 18:24:07,029:INFO:Preprocessing pipeline created successfully
2020-10-14 18:24:07,029:INFO:No inverse transformer found
2020-10-14 18:24:07,034:INFO:Creating grid variables
2020-10-14 18:24:07,034:INFO:Creating global containers
2020-10-14 18:24:07,064:INFO:create_model_container: 0
2020-10-14 18:24:07,064:INFO:master_model_container: 0
2020-10-14 18:24:07,064:INFO:display_container: 0
2020-10-14 18:24:07,064:INFO:setup() succesfully completed......................................
2020-10-14 18:24:07,114:INFO:Initializing create_model()
2020-10-14 18:24:07,114:INFO:create_model(estimator=lr, ensemble=False, method=None, fold=10, round=4, cross_validation=True, verbose=True, system=True)
2020-10-14 18:24:07,124:INFO:Checking exceptions
2020-10-14 18:24:07,124:INFO:Preloading libraries
2020-10-14 18:24:07,124:INFO:Preparing display monitor
2020-10-14 18:24:07,184:INFO:Copying training dataset
2020-10-14 18:24:07,184:INFO:Importing libraries
2020-10-14 18:24:07,184:INFO:Defining folds
2020-10-14 18:24:07,194:INFO:Declaring metric variables
2020-10-14 18:24:07,203:INFO:Linear Regression Imported succesfully
2020-10-14 18:24:07,203:INFO:Checking ensemble method
2020-10-14 18:24:07,214:INFO:Initializing Fold 1
2020-10-14 18:24:07,234:INFO:Fitting Model
2020-10-14 18:24:07,254:INFO:Evaluating Metrics
2020-10-14 18:24:07,254:INFO:No inverse transformation
2020-10-14 18:24:07,254:INFO:Compiling Metrics
2020-10-14 18:24:07,294:INFO:Initializing Fold 2
2020-10-14 18:24:07,314:INFO:Fitting Model
2020-10-14 18:24:07,334:INFO:Evaluating Metrics
2020-10-14 18:24:07,344:INFO:No inverse transformation
2020-10-14 18:24:07,344:INFO:Compiling Metrics
2020-10-14 18:24:07,384:INFO:Initializing Fold 3
2020-10-14 18:24:07,404:INFO:Fitting Model
2020-10-14 18:24:07,414:INFO:Evaluating Metrics
2020-10-14 18:24:07,424:INFO:No inverse transformation
2020-10-14 18:24:07,424:INFO:Compiling Metrics
2020-10-14 18:24:07,454:INFO:Initializing Fold 4
2020-10-14 18:24:07,469:INFO:Fitting Model
2020-10-14 18:24:07,494:INFO:Evaluating Metrics
2020-10-14 18:24:07,499:INFO:No inverse transformation
2020-10-14 18:24:07,499:INFO:Compiling Metrics
2020-10-14 18:24:07,534:INFO:Initializing Fold 5
2020-10-14 18:24:07,549:INFO:Fitting Model
2020-10-14 18:24:07,564:INFO:Evaluating Metrics
2020-10-14 18:24:07,574:INFO:No inverse transformation
2020-10-14 18:24:07,574:INFO:Compiling Metrics
2020-10-14 18:24:07,614:INFO:Initializing Fold 6
2020-10-14 18:24:07,624:INFO:Fitting Model
2020-10-14 18:24:07,644:INFO:Evaluating Metrics
2020-10-14 18:24:07,644:INFO:No inverse transformation
2020-10-14 18:24:07,644:INFO:Compiling Metrics
2020-10-14 18:24:07,694:INFO:Initializing Fold 7
2020-10-14 18:24:07,704:INFO:Fitting Model
2020-10-14 18:24:07,727:INFO:Evaluating Metrics
2020-10-14 18:24:07,727:INFO:No inverse transformation
2020-10-14 18:24:07,727:INFO:Compiling Metrics
2020-10-14 18:24:07,774:INFO:Initializing Fold 8
2020-10-14 18:24:07,794:INFO:Fitting Model
2020-10-14 18:24:07,814:INFO:Evaluating Metrics
2020-10-14 18:24:07,824:INFO:No inverse transformation
2020-10-14 18:24:07,824:INFO:Compiling Metrics
2020-10-14 18:24:07,864:INFO:Initializing Fold 9
2020-10-14 18:24:07,874:INFO:Fitting Model
2020-10-14 18:24:07,909:INFO:Evaluating Metrics
2020-10-14 18:24:07,914:INFO:No inverse transformation
2020-10-14 18:24:07,914:INFO:Compiling Metrics
2020-10-14 18:24:07,959:INFO:Initializing Fold 10
2020-10-14 18:24:07,974:INFO:Fitting Model
2020-10-14 18:24:07,994:INFO:Evaluating Metrics
2020-10-14 18:24:07,999:INFO:No inverse transformation
2020-10-14 18:24:07,999:INFO:Compiling Metrics
2020-10-14 18:24:08,054:INFO:Calculating mean and std
2020-10-14 18:24:08,059:INFO:Creating metrics dataframe
2020-10-14 18:24:08,089:INFO:Finalizing model
2020-10-14 18:24:08,114:INFO:Uploading results into container
2020-10-14 18:24:08,114:INFO:Uploading model into container
2020-10-14 18:24:08,159:INFO:create_model_container: 1
2020-10-14 18:24:08,159:INFO:master_model_container: 1
2020-10-14 18:24:08,159:INFO:display_container: 1
2020-10-14 18:24:08,159:INFO:LinearRegression(copy_X=True, fit_intercept=True, n_jobs=-1, normalize=False)
2020-10-14 18:24:08,159:INFO:create_model() succesfully completed......................................
2020-10-14 18:24:08,194:INFO:Initializing plot_model()
2020-10-14 18:24:08,194:INFO:plot_model(estimator=LinearRegression(copy_X=True, fit_intercept=True, n_jobs=-1, normalize=False), plot=residuals, save=False, verbose=True, system=True)
2020-10-14 18:24:08,194:INFO:Checking exceptions
2020-10-14 18:24:08,194:INFO:Preloading libraries
2020-10-14 18:24:08,194:INFO:Preparing display monitor
2020-10-14 18:24:08,214:INFO:Importing libraries
2020-10-14 18:24:08,219:INFO:plot type: residuals
2020-10-14 18:24:08,284:INFO:Fitting Model
2020-10-14 18:24:08,394:INFO:Scoring test/hold-out set
2020-10-14 18:24:09,124:INFO:Visual Rendered Successfully
2020-10-14 18:24:09,124:INFO:plot_model() succesfully completed......................................
2020-10-14 18:24:09,149:INFO:Initializing save_model()
2020-10-14 18:24:09,149:INFO:save_model(model=LinearRegression(copy_X=True, fit_intercept=True, n_jobs=-1, normalize=False), model_name=deployment_28042020, model_only=False, verbose=True)
2020-10-14 18:24:09,244:INFO:deployment_28042020.pkl saved in current working directory
2020-10-14 18:24:09,264:INFO:Pipeline(memory=None,
         steps=[('dtypes',
                 DataTypes_Auto_infer(categorical_features=[],
                                      display_types=True, features_todrop=[],
                                      ml_usecase='regression',
                                      numerical_features=[], target='charges',
                                      time_features=[])),
                ('imputer',
                 Simple_Imputer(categorical_strategy='not_available',
                                numeric_strategy='mean',
                                target_variable=None)),
                ('new_levels1',
                 New_Catagorical_Levels...
                ('clean_names', Clean_Colum_Names()),
                ('feature_select', Empty()), ('fix_multi', Empty()),
                ('dfs',
                 DFS_Classic(interactions=['multiply'], ml_usecase='regression',
                             random_state=123, subclass='binary',
                             target='charges',
                             top_features_to_pick_percentage=None)),
                ('pca', Empty()),
                ['trained model',
                 LinearRegression(copy_X=True, fit_intercept=True, n_jobs=-1,
                                  normalize=False)]],
         verbose=False)
2020-10-14 18:24:09,264:INFO:save_model() succesfully completed......................................
